<?xml version="1.0" encoding="UTF-8"?>
<!-- Generated by org.testng.reporters.JUnitReportReporter -->
<testsuite hostname="LTRSELVANAMBI-10" failures="0" tests="1" name="com.TestCases.Testing" time="31.567" errors="0" timestamp="23 Jul 2020 13:50:03 GMT" skipped="0">
  <testcase classname="com.TestCases.Testing" name="TestCode" time="31.567"/>
</testsuite> <!-- com.TestCases.Testing -->
