<?xml version="1.0" encoding="UTF-8"?>
<!-- Generated by org.testng.reporters.JUnitReportReporter -->
<testsuite hostname="LTRSELVANAMBI-10" failures="0" tests="2" name="com.TestCases.LeadsTest" time="62.745" errors="0" timestamp="21 Jul 2020 11:46:55 GMT" skipped="1">
  <testcase classname="com.TestCases.LeadsTest" name="LeadstoOpptyConversion" time="62.745"/>
  <testcase classname="com.TestCases.LeadsTest" name="VerifyMandatoryValidation">
    <skipped/>
  </testcase> <!-- VerifyMandatoryValidation -->
</testsuite> <!-- com.TestCases.LeadsTest -->
