<?xml version="1.0" encoding="UTF-8"?>
<!-- Generated by org.testng.reporters.JUnitReportReporter -->
<testsuite hostname="LTRSELVANAMBI-10" failures="0" tests="1" name="com.TestCases.CRM2CPQ" time="252.709" errors="0" timestamp="03 Aug 2020 10:35:51 GMT" skipped="0">
  <testcase classname="com.TestCases.CRM2CPQ" name="LeadtoQuote" time="252.709"/>
</testsuite> <!-- com.TestCases.CRM2CPQ -->
