<?xml version="1.0" encoding="UTF-8"?>
<!-- Generated by org.testng.reporters.JUnitReportReporter -->
<testsuite hostname="LTRSELVANAMBI-10" failures="0" tests="1" name="com.TestCases.AccountToQuote" time="30.393" errors="0" timestamp="21 Jul 2020 11:45:00 GMT" skipped="0">
  <testcase classname="com.TestCases.AccountToQuote" name="AccountCreation" time="30.393"/>
</testsuite> <!-- com.TestCases.AccountToQuote -->
