<?xml version="1.0" encoding="UTF-8"?>
<!-- Generated by org.testng.reporters.JUnitReportReporter -->
<testsuite skipped="0" hostname="LTSNAMAVARAPU-10" name="com.TestCases.CRM2CPQ" tests="1" failures="0" timestamp="11 Aug 2020 17:04:51 GMT" time="262.942" errors="0">
  <testcase name="LeadtoQuote" time="262.942" classname="com.TestCases.CRM2CPQ"/>
</testsuite> <!-- com.TestCases.CRM2CPQ -->
