<?xml version="1.0" encoding="UTF-8"?>
<!-- Generated by org.testng.reporters.JUnitReportReporter -->
<testsuite skipped="0" hostname="LTSNAMAVARAPU-10" name="com.TestCases.CRM2CPQ" tests="1" failures="0" timestamp="31 Jul 2020 18:16:31 GMT" time="243.666" errors="0">
  <testcase name="LeadtoQuote" time="243.666" classname="com.TestCases.CRM2CPQ"/>
</testsuite> <!-- com.TestCases.CRM2CPQ -->
